2022/06/21 15:04:28 [notice] 1#1: using the "epoll" event method
2022/06/21 15:04:28 [notice] 1#1: nginx/1.21.6
2022/06/21 15:04:28 [notice] 1#1: built by gcc 10.3.1 20211027 (Alpine 10.3.1_git20211027) 
2022/06/21 15:04:28 [notice] 1#1: OS: Linux 5.10.76-linuxkit
2022/06/21 15:04:28 [notice] 1#1: getrlimit(RLIMIT_NOFILE): 1048576:1048576
2022/06/21 15:04:28 [notice] 1#1: start worker processes
2022/06/21 15:04:28 [notice] 1#1: start worker process 34
2022/06/21 15:04:28 [notice] 1#1: start worker process 35
2022/06/21 15:04:28 [notice] 1#1: start worker process 36
2022/06/21 15:04:28 [notice] 1#1: start worker process 37
2022/06/21 15:06:12 [notice] 1#1: signal 3 (SIGQUIT) received, shutting down
2022/06/21 15:06:12 [notice] 34#34: gracefully shutting down
2022/06/21 15:06:12 [notice] 34#34: exiting
2022/06/21 15:06:12 [notice] 37#37: gracefully shutting down
2022/06/21 15:06:12 [notice] 37#37: exiting
2022/06/21 15:06:12 [notice] 36#36: gracefully shutting down
2022/06/21 15:06:12 [notice] 36#36: exiting
2022/06/21 15:06:12 [notice] 35#35: gracefully shutting down
2022/06/21 15:06:12 [notice] 35#35: exiting
2022/06/21 15:06:12 [notice] 34#34: exit
2022/06/21 15:06:12 [notice] 37#37: exit
2022/06/21 15:06:12 [notice] 36#36: exit
2022/06/21 15:06:12 [notice] 35#35: exit
2022/06/21 15:06:12 [notice] 1#1: signal 17 (SIGCHLD) received from 34
2022/06/21 15:06:12 [notice] 1#1: worker process 34 exited with code 0
2022/06/21 15:06:12 [notice] 1#1: worker process 36 exited with code 0
2022/06/21 15:06:12 [notice] 1#1: worker process 37 exited with code 0
2022/06/21 15:06:12 [notice] 1#1: worker process 35 exited with code 0
2022/06/21 15:06:12 [notice] 1#1: exit
2022/06/21 15:07:10 [notice] 1#1: using the "epoll" event method
2022/06/21 15:07:10 [notice] 1#1: nginx/1.21.6
2022/06/21 15:07:10 [notice] 1#1: built by gcc 10.3.1 20211027 (Alpine 10.3.1_git20211027) 
2022/06/21 15:07:10 [notice] 1#1: OS: Linux 5.10.76-linuxkit
2022/06/21 15:07:10 [notice] 1#1: getrlimit(RLIMIT_NOFILE): 1048576:1048576
2022/06/21 15:07:10 [notice] 1#1: start worker processes
2022/06/21 15:07:10 [notice] 1#1: start worker process 34
2022/06/21 15:07:10 [notice] 1#1: start worker process 35
2022/06/21 15:07:10 [notice] 1#1: start worker process 36
2022/06/21 15:07:10 [notice] 1#1: start worker process 37
2022/06/21 15:08:34 [notice] 1#1: signal 3 (SIGQUIT) received, shutting down
2022/06/21 15:08:34 [notice] 37#37: gracefully shutting down
2022/06/21 15:08:34 [notice] 37#37: exiting
2022/06/21 15:08:34 [notice] 35#35: gracefully shutting down
2022/06/21 15:08:34 [notice] 35#35: exiting
2022/06/21 15:08:34 [notice] 36#36: gracefully shutting down
2022/06/21 15:08:34 [notice] 34#34: gracefully shutting down
2022/06/21 15:08:34 [notice] 37#37: exit
2022/06/21 15:08:34 [notice] 35#35: exit
2022/06/21 15:08:34 [notice] 36#36: exiting
2022/06/21 15:08:34 [notice] 34#34: exiting
2022/06/21 15:08:34 [notice] 34#34: exit
2022/06/21 15:08:34 [notice] 36#36: exit
2022/06/21 15:08:34 [notice] 1#1: signal 17 (SIGCHLD) received from 35
2022/06/21 15:08:34 [notice] 1#1: worker process 34 exited with code 0
2022/06/21 15:08:34 [notice] 1#1: worker process 35 exited with code 0
2022/06/21 15:08:34 [notice] 1#1: signal 29 (SIGIO) received
2022/06/21 15:08:34 [notice] 1#1: signal 17 (SIGCHLD) received from 34
2022/06/21 15:08:34 [notice] 1#1: worker process 36 exited with code 0
2022/06/21 15:08:34 [notice] 1#1: worker process 37 exited with code 0
2022/06/21 15:08:34 [notice] 1#1: exit
2022/07/18 11:20:20 [notice] 1#1: using the "epoll" event method
2022/07/18 11:20:20 [notice] 1#1: nginx/1.23.0
2022/07/18 11:20:20 [notice] 1#1: built by gcc 11.2.1 20220219 (Alpine 11.2.1_git20220219) 
2022/07/18 11:20:20 [notice] 1#1: OS: Linux 5.10.104-linuxkit
2022/07/18 11:20:20 [notice] 1#1: getrlimit(RLIMIT_NOFILE): 1048576:1048576
2022/07/18 11:20:20 [notice] 1#1: start worker processes
2022/07/18 11:20:20 [notice] 1#1: start worker process 32
2022/07/18 11:20:20 [notice] 1#1: start worker process 33
2022/07/18 11:20:20 [notice] 1#1: start worker process 34
2022/07/18 11:20:20 [notice] 1#1: start worker process 35
2022/07/18 11:20:41 [error] 33#33: *2 open() "/usr/share/nginx/html/favicon.ico" failed (2: No such file or directory), client: 172.18.0.1, server: localhost, request: "GET /favicon.ico HTTP/1.1", host: "localhost", referrer: "http://localhost/"
2022/07/18 11:47:43 [notice] 1#1: signal 3 (SIGQUIT) received, shutting down
2022/07/18 11:47:43 [notice] 34#34: gracefully shutting down
2022/07/18 11:47:43 [notice] 34#34: exiting
2022/07/18 11:47:43 [notice] 35#35: gracefully shutting down
2022/07/18 11:47:43 [notice] 32#32: gracefully shutting down
2022/07/18 11:47:43 [notice] 33#33: gracefully shutting down
2022/07/18 11:47:43 [notice] 34#34: exit
2022/07/18 11:47:43 [notice] 35#35: exiting
2022/07/18 11:47:43 [notice] 32#32: exiting
2022/07/18 11:47:43 [notice] 33#33: exiting
2022/07/18 11:47:43 [notice] 35#35: exit
2022/07/18 11:47:43 [notice] 32#32: exit
2022/07/18 11:47:43 [notice] 33#33: exit
2022/07/18 11:47:43 [notice] 1#1: signal 17 (SIGCHLD) received from 34
2022/07/18 11:47:43 [notice] 1#1: worker process 34 exited with code 0
2022/07/18 11:47:43 [notice] 1#1: signal 29 (SIGIO) received
2022/07/18 11:47:43 [notice] 1#1: signal 17 (SIGCHLD) received from 33
2022/07/18 11:47:43 [notice] 1#1: worker process 33 exited with code 0
2022/07/18 11:47:43 [notice] 1#1: worker process 35 exited with code 0
2022/07/18 11:47:43 [notice] 1#1: signal 17 (SIGCHLD) received from 32
2022/07/18 11:47:43 [notice] 1#1: worker process 32 exited with code 0
2022/07/18 11:47:43 [notice] 1#1: exit
2022/07/18 12:02:51 [notice] 1#1: using the "epoll" event method
2022/07/18 12:02:51 [notice] 1#1: nginx/1.23.0
2022/07/18 12:02:51 [notice] 1#1: built by gcc 11.2.1 20220219 (Alpine 11.2.1_git20220219) 
2022/07/18 12:02:51 [notice] 1#1: OS: Linux 5.10.104-linuxkit
2022/07/18 12:02:51 [notice] 1#1: getrlimit(RLIMIT_NOFILE): 1048576:1048576
2022/07/18 12:02:51 [notice] 1#1: start worker processes
2022/07/18 12:02:51 [notice] 1#1: start worker process 32
2022/07/18 12:02:51 [notice] 1#1: start worker process 33
2022/07/18 12:02:51 [notice] 1#1: start worker process 34
2022/07/18 12:02:51 [notice] 1#1: start worker process 35
2022/07/18 12:06:15 [notice] 1#1: signal 3 (SIGQUIT) received, shutting down
2022/07/18 12:06:15 [notice] 33#33: gracefully shutting down
2022/07/18 12:06:15 [notice] 33#33: exiting
2022/07/18 12:06:15 [notice] 34#34: gracefully shutting down
2022/07/18 12:06:15 [notice] 32#32: gracefully shutting down
2022/07/18 12:06:15 [notice] 35#35: gracefully shutting down
2022/07/18 12:06:15 [notice] 35#35: exiting
2022/07/18 12:06:15 [notice] 33#33: exit
2022/07/18 12:06:15 [notice] 34#34: exiting
2022/07/18 12:06:15 [notice] 32#32: exiting
2022/07/18 12:06:15 [notice] 35#35: exit
2022/07/18 12:06:15 [notice] 34#34: exit
2022/07/18 12:06:15 [notice] 32#32: exit
2022/07/18 12:06:15 [notice] 1#1: signal 17 (SIGCHLD) received from 33
2022/07/18 12:06:15 [notice] 1#1: worker process 33 exited with code 0
2022/07/18 12:06:15 [notice] 1#1: worker process 34 exited with code 0
2022/07/18 12:06:15 [notice] 1#1: signal 29 (SIGIO) received
2022/07/18 12:06:15 [notice] 1#1: signal 17 (SIGCHLD) received from 34
2022/07/18 12:06:15 [notice] 1#1: signal 17 (SIGCHLD) received from 35
2022/07/18 12:06:15 [notice] 1#1: worker process 35 exited with code 0
2022/07/18 12:06:15 [notice] 1#1: worker process 32 exited with code 0
2022/07/18 12:06:15 [notice] 1#1: exit
2022/07/18 12:09:20 [notice] 1#1: using the "epoll" event method
2022/07/18 12:09:20 [notice] 1#1: nginx/1.23.0
2022/07/18 12:09:20 [notice] 1#1: built by gcc 11.2.1 20220219 (Alpine 11.2.1_git20220219) 
2022/07/18 12:09:20 [notice] 1#1: OS: Linux 5.10.104-linuxkit
2022/07/18 12:09:20 [notice] 1#1: getrlimit(RLIMIT_NOFILE): 1048576:1048576
2022/07/18 12:09:20 [notice] 1#1: start worker processes
2022/07/18 12:09:20 [notice] 1#1: start worker process 32
2022/07/18 12:09:20 [notice] 1#1: start worker process 33
2022/07/18 12:09:20 [notice] 1#1: start worker process 34
2022/07/18 12:09:20 [notice] 1#1: start worker process 35
2022/07/18 12:28:40 [notice] 1#1: using the "epoll" event method
2022/07/18 12:28:40 [notice] 1#1: nginx/1.23.0
2022/07/18 12:28:40 [notice] 1#1: built by gcc 11.2.1 20220219 (Alpine 11.2.1_git20220219) 
2022/07/18 12:28:40 [notice] 1#1: OS: Linux 5.15.0-41-generic
2022/07/18 12:28:40 [notice] 1#1: getrlimit(RLIMIT_NOFILE): 1048576:1048576
2022/07/18 12:28:40 [notice] 1#1: start worker processes
2022/07/18 12:28:40 [notice] 1#1: start worker process 32
2022/07/18 12:28:40 [notice] 1#1: start worker process 33
2022/07/18 12:28:40 [notice] 1#1: start worker process 34
2022/07/18 12:28:40 [notice] 1#1: start worker process 35
2022/07/18 12:41:56 [notice] 1#1: using the "epoll" event method
2022/07/18 12:41:56 [notice] 1#1: nginx/1.23.0
2022/07/18 12:41:56 [notice] 1#1: built by gcc 11.2.1 20220219 (Alpine 11.2.1_git20220219) 
2022/07/18 12:41:56 [notice] 1#1: OS: Linux 5.15.0-41-generic
2022/07/18 12:41:56 [notice] 1#1: getrlimit(RLIMIT_NOFILE): 1048576:1048576
2022/07/18 12:41:56 [notice] 1#1: start worker processes
2022/07/18 12:41:56 [notice] 1#1: start worker process 32
2022/07/18 12:41:56 [notice] 1#1: start worker process 33
2022/07/18 12:41:56 [notice] 1#1: start worker process 34
2022/07/18 12:41:56 [notice] 1#1: start worker process 35
2022/07/18 12:42:39 [error] 32#32: *1 open() "/usr/share/nginx/html/favicon.ico" failed (2: No such file or directory), client: 172.18.0.1, server: localhost, request: "GET /favicon.ico HTTP/1.1", host: "localhost", referrer: "http://localhost/"
2022/07/18 12:45:19 [notice] 1#1: signal 3 (SIGQUIT) received, shutting down
2022/07/18 12:45:19 [notice] 32#32: gracefully shutting down
2022/07/18 12:45:19 [notice] 34#34: gracefully shutting down
2022/07/18 12:45:19 [notice] 33#33: gracefully shutting down
2022/07/18 12:45:19 [notice] 32#32: exiting
2022/07/18 12:45:19 [notice] 34#34: exiting
2022/07/18 12:45:19 [notice] 33#33: exiting
2022/07/18 12:45:19 [notice] 32#32: exit
2022/07/18 12:45:19 [notice] 34#34: exit
2022/07/18 12:45:19 [notice] 33#33: exit
2022/07/18 12:45:19 [notice] 35#35: gracefully shutting down
2022/07/18 12:45:19 [notice] 35#35: exiting
2022/07/18 12:45:19 [notice] 35#35: exit
2022/07/18 12:45:19 [notice] 1#1: signal 17 (SIGCHLD) received from 35
2022/07/18 12:45:19 [notice] 1#1: worker process 32 exited with code 0
2022/07/18 12:45:19 [notice] 1#1: worker process 33 exited with code 0
2022/07/18 12:45:19 [notice] 1#1: worker process 35 exited with code 0
2022/07/18 12:45:19 [notice] 1#1: signal 29 (SIGIO) received
2022/07/18 12:45:19 [notice] 1#1: signal 17 (SIGCHLD) received from 33
2022/07/18 12:45:19 [notice] 1#1: signal 17 (SIGCHLD) received from 34
2022/07/18 12:45:19 [notice] 1#1: worker process 34 exited with code 0
2022/07/18 12:45:19 [notice] 1#1: exit
2022/08/09 08:36:25 [notice] 1#1: using the "epoll" event method
2022/08/09 08:36:25 [notice] 1#1: nginx/1.23.1
2022/08/09 08:36:25 [notice] 1#1: built by gcc 11.2.1 20220219 (Alpine 11.2.1_git20220219) 
2022/08/09 08:36:25 [notice] 1#1: OS: Linux 5.15.0-43-generic
2022/08/09 08:36:25 [notice] 1#1: getrlimit(RLIMIT_NOFILE): 1024:524288
2022/08/09 08:36:25 [notice] 1#1: start worker processes
2022/08/09 08:36:25 [notice] 1#1: start worker process 34
2022/08/09 08:36:25 [notice] 1#1: start worker process 35
2022/08/09 08:36:25 [notice] 1#1: start worker process 36
2022/08/09 08:36:25 [notice] 1#1: start worker process 37
2022/08/09 08:41:50 [notice] 1#1: using the "epoll" event method
2022/08/09 08:41:50 [notice] 1#1: nginx/1.23.1
2022/08/09 08:41:50 [notice] 1#1: built by gcc 11.2.1 20220219 (Alpine 11.2.1_git20220219) 
2022/08/09 08:41:50 [notice] 1#1: OS: Linux 5.15.0-43-generic
2022/08/09 08:41:50 [notice] 1#1: getrlimit(RLIMIT_NOFILE): 1024:524288
2022/08/09 08:41:50 [notice] 1#1: start worker processes
2022/08/09 08:41:50 [notice] 1#1: start worker process 24
2022/08/09 08:41:50 [notice] 1#1: start worker process 25
2022/08/09 08:41:50 [notice] 1#1: start worker process 26
2022/08/09 08:41:50 [notice] 1#1: start worker process 27
2022/08/09 08:42:37 [error] 27#27: *1 open() "/usr/share/nginx/html/favicon.ico" failed (2: No such file or directory), client: 172.18.0.1, server: localhost, request: "GET /favicon.ico HTTP/1.1", host: "localhost", referrer: "http://localhost/"
2022/08/09 10:04:37 [notice] 1#1: signal 15 (SIGTERM) received from 28, exiting
2022/08/09 10:04:37 [notice] 24#24: exiting
2022/08/09 10:04:37 [notice] 24#24: exit
2022/08/09 10:04:37 [notice] 25#25: exiting
2022/08/09 10:04:37 [notice] 25#25: exit
2022/08/09 10:04:37 [notice] 26#26: exiting
2022/08/09 10:04:37 [notice] 26#26: exit
2022/08/09 10:04:37 [notice] 27#27: exiting
2022/08/09 10:04:37 [notice] 27#27: exit
2022/08/09 10:04:37 [notice] 1#1: signal 14 (SIGALRM) received
2022/08/09 10:04:37 [notice] 1#1: signal 17 (SIGCHLD) received from 24
2022/08/09 10:04:37 [notice] 1#1: worker process 24 exited with code 0
2022/08/09 10:04:37 [notice] 1#1: signal 29 (SIGIO) received
2022/08/09 10:04:37 [notice] 1#1: signal 17 (SIGCHLD) received from 26
2022/08/09 10:04:37 [notice] 1#1: worker process 25 exited with code 0
2022/08/09 10:04:37 [notice] 1#1: worker process 26 exited with code 0
2022/08/09 10:04:37 [notice] 1#1: signal 29 (SIGIO) received
2022/08/09 10:04:37 [notice] 1#1: signal 17 (SIGCHLD) received from 27
2022/08/09 10:04:37 [notice] 1#1: worker process 27 exited with code 0
2022/08/09 10:04:37 [notice] 1#1: exit
2022/08/09 10:15:28 [notice] 1#1: using the "epoll" event method
2022/08/09 10:15:28 [notice] 1#1: nginx/1.23.1
2022/08/09 10:15:28 [notice] 1#1: built by gcc 11.2.1 20220219 (Alpine 11.2.1_git20220219) 
2022/08/09 10:15:28 [notice] 1#1: OS: Linux 5.15.0-43-generic
2022/08/09 10:15:28 [notice] 1#1: getrlimit(RLIMIT_NOFILE): 1024:524288
2022/08/09 10:15:28 [notice] 1#1: start worker processes
2022/08/09 10:15:28 [notice] 1#1: start worker process 33
2022/08/09 10:15:28 [notice] 1#1: start worker process 34
2022/08/09 10:15:28 [notice] 1#1: start worker process 35
2022/08/09 10:15:28 [notice] 1#1: start worker process 36
2022/08/09 11:21:35 [notice] 1#1: signal 3 (SIGQUIT) received, shutting down
2022/08/09 11:21:35 [notice] 34#34: gracefully shutting down
2022/08/09 11:21:35 [notice] 34#34: exiting
2022/08/09 11:21:35 [notice] 34#34: exit
2022/08/09 11:21:35 [notice] 36#36: gracefully shutting down
2022/08/09 11:21:35 [notice] 33#33: gracefully shutting down
2022/08/09 11:21:35 [notice] 36#36: exiting
2022/08/09 11:21:35 [notice] 33#33: exiting
2022/08/09 11:21:35 [notice] 33#33: exit
2022/08/09 11:21:35 [notice] 36#36: exit
2022/08/09 11:21:35 [notice] 35#35: gracefully shutting down
2022/08/09 11:21:35 [notice] 35#35: exiting
2022/08/09 11:21:35 [notice] 35#35: exit
2022/08/09 11:21:35 [notice] 1#1: signal 17 (SIGCHLD) received from 33
2022/08/09 11:21:35 [notice] 1#1: worker process 33 exited with code 0
2022/08/09 11:21:35 [notice] 1#1: worker process 34 exited with code 0
2022/08/09 11:21:35 [notice] 1#1: signal 29 (SIGIO) received
2022/08/09 11:21:35 [notice] 1#1: signal 17 (SIGCHLD) received from 34
2022/08/09 11:21:35 [notice] 1#1: signal 17 (SIGCHLD) received from 36
2022/08/09 11:21:35 [notice] 1#1: worker process 36 exited with code 0
2022/08/09 11:21:35 [notice] 1#1: signal 29 (SIGIO) received
2022/08/09 11:21:35 [notice] 1#1: signal 17 (SIGCHLD) received from 35
2022/08/09 11:21:35 [notice] 1#1: worker process 35 exited with code 0
2022/08/09 11:21:35 [notice] 1#1: exit
2022/08/17 12:22:49 [notice] 1#1: using the "epoll" event method
2022/08/17 12:22:49 [notice] 1#1: nginx/1.23.1
2022/08/17 12:22:49 [notice] 1#1: built by gcc 11.2.1 20220219 (Alpine 11.2.1_git20220219) 
2022/08/17 12:22:49 [notice] 1#1: OS: Linux 5.15.0-46-generic
2022/08/17 12:22:49 [notice] 1#1: getrlimit(RLIMIT_NOFILE): 1024:524288
2022/08/17 12:22:49 [notice] 1#1: start worker processes
2022/08/17 12:22:49 [notice] 1#1: start worker process 33
2022/08/17 12:22:49 [notice] 1#1: start worker process 34
2022/08/17 12:22:49 [notice] 1#1: start worker process 35
2022/08/17 12:22:49 [notice] 1#1: start worker process 36
2022/08/17 12:42:36 [notice] 1#1: signal 3 (SIGQUIT) received, shutting down
2022/08/17 12:42:36 [notice] 36#36: gracefully shutting down
2022/08/17 12:42:36 [notice] 34#34: gracefully shutting down
2022/08/17 12:42:36 [notice] 33#33: gracefully shutting down
2022/08/17 12:42:36 [notice] 36#36: exiting
2022/08/17 12:42:36 [notice] 33#33: exiting
2022/08/17 12:42:36 [notice] 36#36: exit
2022/08/17 12:42:36 [notice] 33#33: exit
2022/08/17 12:42:36 [notice] 35#35: gracefully shutting down
2022/08/17 12:42:36 [notice] 35#35: exiting
2022/08/17 12:42:36 [notice] 35#35: exit
2022/08/17 12:42:36 [notice] 34#34: exiting
2022/08/17 12:42:36 [notice] 34#34: exit
2022/08/17 12:42:36 [notice] 1#1: signal 17 (SIGCHLD) received from 33
2022/08/17 12:42:36 [notice] 1#1: worker process 33 exited with code 0
2022/08/17 12:42:36 [notice] 1#1: worker process 35 exited with code 0
2022/08/17 12:42:36 [notice] 1#1: worker process 36 exited with code 0
2022/08/17 12:42:36 [notice] 1#1: signal 17 (SIGCHLD) received from 36
2022/08/17 12:42:36 [notice] 1#1: worker process 34 exited with code 0
2022/08/17 12:42:36 [notice] 1#1: exit
2022/08/17 12:45:10 [notice] 1#1: using the "epoll" event method
2022/08/17 12:45:10 [notice] 1#1: nginx/1.23.1
2022/08/17 12:45:10 [notice] 1#1: built by gcc 11.2.1 20220219 (Alpine 11.2.1_git20220219) 
2022/08/17 12:45:10 [notice] 1#1: OS: Linux 5.15.0-46-generic
2022/08/17 12:45:10 [notice] 1#1: getrlimit(RLIMIT_NOFILE): 1024:524288
2022/08/17 12:45:10 [notice] 1#1: start worker processes
2022/08/17 12:45:10 [notice] 1#1: start worker process 33
2022/08/17 12:45:10 [notice] 1#1: start worker process 34
2022/08/17 12:45:10 [notice] 1#1: start worker process 35
2022/08/17 12:45:10 [notice] 1#1: start worker process 36
2022/08/17 12:48:38 [notice] 1#1: signal 3 (SIGQUIT) received, shutting down
2022/08/17 12:48:38 [notice] 33#33: gracefully shutting down
2022/08/17 12:48:38 [notice] 34#34: gracefully shutting down
2022/08/17 12:48:38 [notice] 35#35: gracefully shutting down
2022/08/17 12:48:38 [notice] 36#36: gracefully shutting down
2022/08/17 12:48:38 [notice] 34#34: exiting
2022/08/17 12:48:38 [notice] 33#33: exiting
2022/08/17 12:48:38 [notice] 35#35: exiting
2022/08/17 12:48:38 [notice] 36#36: exiting
2022/08/17 12:48:38 [notice] 33#33: exit
2022/08/17 12:48:38 [notice] 35#35: exit
2022/08/17 12:48:38 [notice] 36#36: exit
2022/08/17 12:48:38 [notice] 34#34: exit
2022/08/17 12:48:38 [notice] 1#1: signal 17 (SIGCHLD) received from 33
2022/08/17 12:48:38 [notice] 1#1: worker process 33 exited with code 0
2022/08/17 12:48:38 [notice] 1#1: worker process 35 exited with code 0
2022/08/17 12:48:38 [notice] 1#1: worker process 36 exited with code 0
2022/08/17 12:48:38 [notice] 1#1: signal 29 (SIGIO) received
2022/08/17 12:48:38 [notice] 1#1: signal 17 (SIGCHLD) received from 35
2022/08/17 12:48:38 [notice] 1#1: signal 17 (SIGCHLD) received from 34
2022/08/17 12:48:38 [notice] 1#1: worker process 34 exited with code 0
2022/08/17 12:48:38 [notice] 1#1: exit
2022/08/17 12:49:19 [notice] 1#1: using the "epoll" event method
2022/08/17 12:49:19 [notice] 1#1: nginx/1.23.1
2022/08/17 12:49:19 [notice] 1#1: built by gcc 11.2.1 20220219 (Alpine 11.2.1_git20220219) 
2022/08/17 12:49:19 [notice] 1#1: OS: Linux 5.15.0-46-generic
2022/08/17 12:49:19 [notice] 1#1: getrlimit(RLIMIT_NOFILE): 1024:524288
2022/08/17 12:49:19 [notice] 1#1: start worker processes
2022/08/17 12:49:19 [notice] 1#1: start worker process 25
2022/08/17 12:49:19 [notice] 1#1: start worker process 26
2022/08/17 12:49:19 [notice] 1#1: start worker process 27
2022/08/17 12:49:19 [notice] 1#1: start worker process 28
2022/08/17 12:50:03 [error] 26#26: *2 open() "/usr/share/nginx/html/favicon.ico" failed (2: No such file or directory), client: 172.19.0.1, server: localhost, request: "GET /favicon.ico HTTP/1.1", host: "localhost", referrer: "http://localhost/"
2022/08/17 13:01:09 [notice] 1#1: signal 3 (SIGQUIT) received, shutting down
2022/08/17 13:01:09 [notice] 25#25: gracefully shutting down
2022/08/17 13:01:09 [notice] 26#26: gracefully shutting down
2022/08/17 13:01:09 [notice] 25#25: exiting
2022/08/17 13:01:09 [notice] 26#26: exiting
2022/08/17 13:01:09 [notice] 27#27: gracefully shutting down
2022/08/17 13:01:09 [notice] 28#28: gracefully shutting down
2022/08/17 13:01:09 [notice] 27#27: exiting
2022/08/17 13:01:09 [notice] 28#28: exiting
2022/08/17 13:01:09 [notice] 25#25: exit
2022/08/17 13:01:09 [notice] 26#26: exit
2022/08/17 13:01:09 [notice] 27#27: exit
2022/08/17 13:01:09 [notice] 28#28: exit
2022/08/17 13:01:09 [notice] 1#1: signal 17 (SIGCHLD) received from 26
2022/08/17 13:01:09 [notice] 1#1: worker process 25 exited with code 0
2022/08/17 13:01:09 [notice] 1#1: worker process 26 exited with code 0
2022/08/17 13:01:09 [notice] 1#1: signal 29 (SIGIO) received
2022/08/17 13:01:09 [notice] 1#1: signal 17 (SIGCHLD) received from 28
2022/08/17 13:01:09 [notice] 1#1: worker process 28 exited with code 0
2022/08/17 13:01:09 [notice] 1#1: signal 29 (SIGIO) received
2022/08/17 13:01:09 [notice] 1#1: signal 17 (SIGCHLD) received from 27
2022/08/17 13:01:09 [notice] 1#1: worker process 27 exited with code 0
2022/08/17 13:01:09 [notice] 1#1: exit
2022/08/17 13:03:15 [notice] 1#1: using the "epoll" event method
2022/08/17 13:03:15 [notice] 1#1: nginx/1.23.1
2022/08/17 13:03:15 [notice] 1#1: built by gcc 11.2.1 20220219 (Alpine 11.2.1_git20220219) 
2022/08/17 13:03:15 [notice] 1#1: OS: Linux 5.15.0-46-generic
2022/08/17 13:03:15 [notice] 1#1: getrlimit(RLIMIT_NOFILE): 1024:524288
2022/08/17 13:03:15 [notice] 1#1: start worker processes
2022/08/17 13:03:15 [notice] 1#1: start worker process 32
2022/08/17 13:03:15 [notice] 1#1: start worker process 33
2022/08/17 13:03:15 [notice] 1#1: start worker process 34
2022/08/17 13:03:15 [notice] 1#1: start worker process 35
2022/08/17 13:07:39 [notice] 1#1: signal 3 (SIGQUIT) received, shutting down
2022/08/17 13:07:39 [notice] 32#32: gracefully shutting down
2022/08/17 13:07:39 [notice] 34#34: gracefully shutting down
2022/08/17 13:07:39 [notice] 34#34: exiting
2022/08/17 13:07:39 [notice] 32#32: exiting
2022/08/17 13:07:39 [notice] 33#33: gracefully shutting down
2022/08/17 13:07:39 [notice] 33#33: exiting
2022/08/17 13:07:39 [notice] 34#34: exit
2022/08/17 13:07:39 [notice] 32#32: exit
2022/08/17 13:07:39 [notice] 33#33: exit
2022/08/17 13:07:39 [notice] 35#35: gracefully shutting down
2022/08/17 13:07:39 [notice] 35#35: exiting
2022/08/17 13:07:39 [notice] 35#35: exit
2022/08/17 13:07:39 [notice] 1#1: signal 17 (SIGCHLD) received from 35
2022/08/17 13:07:39 [notice] 1#1: worker process 34 exited with code 0
2022/08/17 13:07:39 [notice] 1#1: worker process 35 exited with code 0
2022/08/17 13:07:39 [notice] 1#1: signal 29 (SIGIO) received
2022/08/17 13:07:39 [notice] 1#1: signal 17 (SIGCHLD) received from 33
2022/08/17 13:07:39 [notice] 1#1: worker process 33 exited with code 0
2022/08/17 13:07:39 [notice] 1#1: signal 29 (SIGIO) received
2022/08/17 13:07:39 [notice] 1#1: signal 17 (SIGCHLD) received from 32
2022/08/17 13:07:39 [notice] 1#1: worker process 32 exited with code 0
2022/08/17 13:07:39 [notice] 1#1: exit
2022/08/17 14:23:18 [notice] 1#1: using the "epoll" event method
2022/08/17 14:23:18 [notice] 1#1: nginx/1.23.1
2022/08/17 14:23:18 [notice] 1#1: built by gcc 11.2.1 20220219 (Alpine 11.2.1_git20220219) 
2022/08/17 14:23:18 [notice] 1#1: OS: Linux 5.15.0-46-generic
2022/08/17 14:23:18 [notice] 1#1: getrlimit(RLIMIT_NOFILE): 1024:524288
2022/08/17 14:23:18 [notice] 1#1: start worker processes
2022/08/17 14:23:18 [notice] 1#1: start worker process 32
2022/08/17 14:23:18 [notice] 1#1: start worker process 33
2022/08/17 14:23:18 [notice] 1#1: start worker process 34
2022/08/17 14:23:18 [notice] 1#1: start worker process 35
2022/08/17 14:29:21 [notice] 1#1: signal 3 (SIGQUIT) received, shutting down
2022/08/17 14:29:21 [notice] 32#32: gracefully shutting down
2022/08/17 14:29:21 [notice] 33#33: gracefully shutting down
2022/08/17 14:29:21 [notice] 34#34: gracefully shutting down
2022/08/17 14:29:21 [notice] 32#32: exiting
2022/08/17 14:29:21 [notice] 33#33: exiting
2022/08/17 14:29:21 [notice] 34#34: exiting
2022/08/17 14:29:21 [notice] 32#32: exit
2022/08/17 14:29:21 [notice] 34#34: exit
2022/08/17 14:29:21 [notice] 33#33: exit
2022/08/17 14:29:21 [notice] 35#35: gracefully shutting down
2022/08/17 14:29:21 [notice] 35#35: exiting
2022/08/17 14:29:21 [notice] 35#35: exit
2022/08/17 14:29:21 [notice] 1#1: signal 17 (SIGCHLD) received from 35
2022/08/17 14:29:21 [notice] 1#1: worker process 34 exited with code 0
2022/08/17 14:29:21 [notice] 1#1: worker process 35 exited with code 0
2022/08/17 14:29:21 [notice] 1#1: signal 29 (SIGIO) received
2022/08/17 14:29:21 [notice] 1#1: signal 17 (SIGCHLD) received from 33
2022/08/17 14:29:21 [notice] 1#1: worker process 33 exited with code 0
2022/08/17 14:29:21 [notice] 1#1: signal 29 (SIGIO) received
2022/08/17 14:29:21 [notice] 1#1: signal 17 (SIGCHLD) received from 32
2022/08/17 14:29:21 [notice] 1#1: worker process 32 exited with code 0
2022/08/17 14:29:21 [notice] 1#1: exit
2022/08/17 14:30:05 [notice] 1#1: using the "epoll" event method
2022/08/17 14:30:05 [notice] 1#1: nginx/1.23.1
2022/08/17 14:30:05 [notice] 1#1: built by gcc 11.2.1 20220219 (Alpine 11.2.1_git20220219) 
2022/08/17 14:30:05 [notice] 1#1: OS: Linux 5.15.0-46-generic
2022/08/17 14:30:05 [notice] 1#1: getrlimit(RLIMIT_NOFILE): 1024:524288
2022/08/17 14:30:05 [notice] 1#1: start worker processes
2022/08/17 14:30:05 [notice] 1#1: start worker process 33
2022/08/17 14:30:05 [notice] 1#1: start worker process 34
2022/08/17 14:30:05 [notice] 1#1: start worker process 35
2022/08/17 14:30:05 [notice] 1#1: start worker process 36
2022/08/17 14:32:31 [notice] 1#1: signal 3 (SIGQUIT) received, shutting down
2022/08/17 14:32:31 [notice] 34#34: gracefully shutting down
2022/08/17 14:32:31 [notice] 33#33: gracefully shutting down
2022/08/17 14:32:31 [notice] 35#35: gracefully shutting down
2022/08/17 14:32:31 [notice] 34#34: exiting
2022/08/17 14:32:31 [notice] 33#33: exiting
2022/08/17 14:32:31 [notice] 35#35: exiting
2022/08/17 14:32:31 [notice] 35#35: exit
2022/08/17 14:32:31 [notice] 33#33: exit
2022/08/17 14:32:31 [notice] 34#34: exit
2022/08/17 14:32:31 [notice] 36#36: gracefully shutting down
2022/08/17 14:32:31 [notice] 36#36: exiting
2022/08/17 14:32:31 [notice] 36#36: exit
2022/08/17 14:32:31 [notice] 1#1: signal 17 (SIGCHLD) received from 36
2022/08/17 14:32:31 [notice] 1#1: worker process 36 exited with code 0
2022/08/17 14:32:31 [notice] 1#1: signal 29 (SIGIO) received
2022/08/17 14:32:31 [notice] 1#1: signal 17 (SIGCHLD) received from 35
2022/08/17 14:32:31 [notice] 1#1: worker process 35 exited with code 0
2022/08/17 14:32:31 [notice] 1#1: signal 29 (SIGIO) received
2022/08/17 14:32:31 [notice] 1#1: signal 17 (SIGCHLD) received from 34
2022/08/17 14:32:31 [notice] 1#1: worker process 33 exited with code 0
2022/08/17 14:32:31 [notice] 1#1: worker process 34 exited with code 0
2022/08/17 14:32:31 [notice] 1#1: exit
2022/08/17 14:32:44 [notice] 1#1: using the "epoll" event method
2022/08/17 14:32:44 [notice] 1#1: nginx/1.23.1
2022/08/17 14:32:44 [notice] 1#1: built by gcc 11.2.1 20220219 (Alpine 11.2.1_git20220219) 
2022/08/17 14:32:44 [notice] 1#1: OS: Linux 5.15.0-46-generic
2022/08/17 14:32:44 [notice] 1#1: getrlimit(RLIMIT_NOFILE): 1024:524288
2022/08/17 14:32:44 [notice] 1#1: start worker processes
2022/08/17 14:32:44 [notice] 1#1: start worker process 33
2022/08/17 14:32:44 [notice] 1#1: start worker process 34
2022/08/17 14:32:44 [notice] 1#1: start worker process 35
2022/08/17 14:32:44 [notice] 1#1: start worker process 36
2022/08/17 14:36:00 [notice] 1#1: signal 3 (SIGQUIT) received, shutting down
2022/08/17 14:36:00 [notice] 33#33: gracefully shutting down
2022/08/17 14:36:00 [notice] 34#34: gracefully shutting down
2022/08/17 14:36:00 [notice] 35#35: gracefully shutting down
2022/08/17 14:36:00 [notice] 36#36: gracefully shutting down
2022/08/17 14:36:00 [notice] 33#33: exiting
2022/08/17 14:36:00 [notice] 34#34: exiting
2022/08/17 14:36:00 [notice] 35#35: exiting
2022/08/17 14:36:00 [notice] 36#36: exiting
2022/08/17 14:36:00 [notice] 33#33: exit
2022/08/17 14:36:00 [notice] 35#35: exit
2022/08/17 14:36:00 [notice] 34#34: exit
2022/08/17 14:36:00 [notice] 36#36: exit
2022/08/17 14:36:00 [notice] 1#1: signal 17 (SIGCHLD) received from 33
2022/08/17 14:36:00 [notice] 1#1: worker process 33 exited with code 0
2022/08/17 14:36:00 [notice] 1#1: signal 29 (SIGIO) received
2022/08/17 14:36:00 [notice] 1#1: signal 17 (SIGCHLD) received from 34
2022/08/17 14:36:00 [notice] 1#1: worker process 34 exited with code 0
2022/08/17 14:36:00 [notice] 1#1: worker process 36 exited with code 0
2022/08/17 14:36:00 [notice] 1#1: signal 29 (SIGIO) received
2022/08/17 14:36:00 [notice] 1#1: signal 17 (SIGCHLD) received from 35
2022/08/17 14:36:00 [notice] 1#1: worker process 35 exited with code 0
2022/08/17 14:36:00 [notice] 1#1: exit
2022/08/17 14:39:33 [notice] 1#1: using the "epoll" event method
2022/08/17 14:39:33 [notice] 1#1: nginx/1.23.1
2022/08/17 14:39:33 [notice] 1#1: built by gcc 11.2.1 20220219 (Alpine 11.2.1_git20220219) 
2022/08/17 14:39:33 [notice] 1#1: OS: Linux 5.15.0-46-generic
2022/08/17 14:39:33 [notice] 1#1: getrlimit(RLIMIT_NOFILE): 1024:524288
2022/08/17 14:39:33 [notice] 1#1: start worker processes
2022/08/17 14:39:33 [notice] 1#1: start worker process 32
2022/08/17 14:39:33 [notice] 1#1: start worker process 33
2022/08/17 14:39:33 [notice] 1#1: start worker process 34
2022/08/17 14:39:33 [notice] 1#1: start worker process 35
2022/08/17 14:39:43 [notice] 1#1: signal 3 (SIGQUIT) received, shutting down
2022/08/17 14:39:43 [notice] 34#34: gracefully shutting down
2022/08/17 14:39:43 [notice] 32#32: gracefully shutting down
2022/08/17 14:39:43 [notice] 32#32: exiting
2022/08/17 14:39:43 [notice] 34#34: exiting
2022/08/17 14:39:43 [notice] 32#32: exit
2022/08/17 14:39:43 [notice] 34#34: exit
2022/08/17 14:39:43 [notice] 33#33: gracefully shutting down
2022/08/17 14:39:43 [notice] 33#33: exiting
2022/08/17 14:39:43 [notice] 33#33: exit
2022/08/17 14:39:43 [notice] 35#35: gracefully shutting down
2022/08/17 14:39:43 [notice] 35#35: exiting
2022/08/17 14:39:43 [notice] 35#35: exit
2022/08/17 14:39:44 [notice] 1#1: signal 17 (SIGCHLD) received from 34
2022/08/17 14:39:44 [notice] 1#1: worker process 34 exited with code 0
2022/08/17 14:39:44 [notice] 1#1: signal 29 (SIGIO) received
2022/08/17 14:39:44 [notice] 1#1: signal 17 (SIGCHLD) received from 32
2022/08/17 14:39:44 [notice] 1#1: worker process 32 exited with code 0
2022/08/17 14:39:44 [notice] 1#1: worker process 33 exited with code 0
2022/08/17 14:39:44 [notice] 1#1: signal 29 (SIGIO) received
2022/08/17 14:39:44 [notice] 1#1: signal 17 (SIGCHLD) received from 35
2022/08/17 14:39:44 [notice] 1#1: worker process 35 exited with code 0
2022/08/17 14:39:44 [notice] 1#1: exit
2022/08/17 14:40:30 [notice] 1#1: using the "epoll" event method
2022/08/17 14:40:30 [notice] 1#1: nginx/1.23.1
2022/08/17 14:40:30 [notice] 1#1: built by gcc 11.2.1 20220219 (Alpine 11.2.1_git20220219) 
2022/08/17 14:40:30 [notice] 1#1: OS: Linux 5.15.0-46-generic
2022/08/17 14:40:30 [notice] 1#1: getrlimit(RLIMIT_NOFILE): 1024:524288
2022/08/17 14:40:30 [notice] 1#1: start worker processes
2022/08/17 14:40:30 [notice] 1#1: start worker process 32
2022/08/17 14:40:30 [notice] 1#1: start worker process 33
2022/08/17 14:40:30 [notice] 1#1: start worker process 34
2022/08/17 14:40:30 [notice] 1#1: start worker process 35
2022/08/17 14:46:06 [notice] 1#1: signal 3 (SIGQUIT) received, shutting down
2022/08/17 14:46:06 [notice] 32#32: gracefully shutting down
2022/08/17 14:46:06 [notice] 32#32: exiting
2022/08/17 14:46:06 [notice] 33#33: gracefully shutting down
2022/08/17 14:46:06 [notice] 34#34: gracefully shutting down
2022/08/17 14:46:06 [notice] 33#33: exiting
2022/08/17 14:46:06 [notice] 34#34: exiting
2022/08/17 14:46:06 [notice] 32#32: exit
2022/08/17 14:46:06 [notice] 33#33: exit
2022/08/17 14:46:06 [notice] 34#34: exit
2022/08/17 14:46:06 [notice] 35#35: gracefully shutting down
2022/08/17 14:46:06 [notice] 35#35: exiting
2022/08/17 14:46:06 [notice] 35#35: exit
2022/08/17 14:46:06 [notice] 1#1: signal 17 (SIGCHLD) received from 34
2022/08/17 14:46:06 [notice] 1#1: worker process 34 exited with code 0
2022/08/17 14:46:06 [notice] 1#1: signal 29 (SIGIO) received
2022/08/17 14:46:06 [notice] 1#1: signal 17 (SIGCHLD) received from 35
2022/08/17 14:46:06 [notice] 1#1: worker process 35 exited with code 0
2022/08/17 14:46:06 [notice] 1#1: signal 29 (SIGIO) received
2022/08/17 14:46:06 [notice] 1#1: signal 17 (SIGCHLD) received from 32
2022/08/17 14:46:06 [notice] 1#1: worker process 32 exited with code 0
2022/08/17 14:46:06 [notice] 1#1: worker process 33 exited with code 0
2022/08/17 14:46:06 [notice] 1#1: exit
2022/08/17 14:48:51 [notice] 1#1: using the "epoll" event method
2022/08/17 14:48:51 [notice] 1#1: nginx/1.23.1
2022/08/17 14:48:51 [notice] 1#1: built by gcc 11.2.1 20220219 (Alpine 11.2.1_git20220219) 
2022/08/17 14:48:51 [notice] 1#1: OS: Linux 5.15.0-46-generic
2022/08/17 14:48:51 [notice] 1#1: getrlimit(RLIMIT_NOFILE): 1024:524288
2022/08/17 14:48:51 [notice] 1#1: start worker processes
2022/08/17 14:48:51 [notice] 1#1: start worker process 25
2022/08/17 14:48:51 [notice] 1#1: start worker process 26
2022/08/17 14:48:51 [notice] 1#1: start worker process 27
2022/08/17 14:48:51 [notice] 1#1: start worker process 28
2022/08/17 15:06:29 [notice] 1#1: signal 3 (SIGQUIT) received, shutting down
2022/08/17 15:06:29 [notice] 25#25: gracefully shutting down
2022/08/17 15:06:29 [notice] 26#26: gracefully shutting down
2022/08/17 15:06:29 [notice] 27#27: gracefully shutting down
2022/08/17 15:06:29 [notice] 26#26: exiting
2022/08/17 15:06:29 [notice] 25#25: exiting
2022/08/17 15:06:29 [notice] 27#27: exiting
2022/08/17 15:06:29 [notice] 26#26: exit
2022/08/17 15:06:29 [notice] 25#25: exit
2022/08/17 15:06:29 [notice] 27#27: exit
2022/08/17 15:06:29 [notice] 28#28: gracefully shutting down
2022/08/17 15:06:29 [notice] 28#28: exiting
2022/08/17 15:06:29 [notice] 28#28: exit
2022/08/17 15:06:29 [notice] 1#1: signal 17 (SIGCHLD) received from 25
2022/08/17 15:06:29 [notice] 1#1: worker process 25 exited with code 0
2022/08/17 15:06:29 [notice] 1#1: signal 29 (SIGIO) received
2022/08/17 15:06:29 [notice] 1#1: signal 17 (SIGCHLD) received from 26
2022/08/17 15:06:29 [notice] 1#1: worker process 26 exited with code 0
2022/08/17 15:06:29 [notice] 1#1: worker process 28 exited with code 0
2022/08/17 15:06:29 [notice] 1#1: signal 29 (SIGIO) received
2022/08/17 15:06:29 [notice] 1#1: signal 17 (SIGCHLD) received from 28
2022/08/17 15:06:29 [notice] 1#1: signal 17 (SIGCHLD) received from 27
2022/08/17 15:06:29 [notice] 1#1: worker process 27 exited with code 0
2022/08/17 15:06:29 [notice] 1#1: exit
2022/08/17 15:07:08 [notice] 1#1: using the "epoll" event method
2022/08/17 15:07:08 [notice] 1#1: nginx/1.23.1
2022/08/17 15:07:08 [notice] 1#1: built by gcc 11.2.1 20220219 (Alpine 11.2.1_git20220219) 
2022/08/17 15:07:08 [notice] 1#1: OS: Linux 5.15.0-46-generic
2022/08/17 15:07:08 [notice] 1#1: getrlimit(RLIMIT_NOFILE): 1024:524288
2022/08/17 15:07:08 [notice] 1#1: start worker processes
2022/08/17 15:07:08 [notice] 1#1: start worker process 33
2022/08/17 15:07:08 [notice] 1#1: start worker process 34
2022/08/17 15:07:08 [notice] 1#1: start worker process 35
2022/08/17 15:07:08 [notice] 1#1: start worker process 36
2022/08/17 15:08:08 [notice] 1#1: signal 3 (SIGQUIT) received, shutting down
2022/08/17 15:08:08 [notice] 33#33: gracefully shutting down
2022/08/17 15:08:08 [notice] 34#34: gracefully shutting down
2022/08/17 15:08:08 [notice] 35#35: gracefully shutting down
2022/08/17 15:08:08 [notice] 36#36: gracefully shutting down
2022/08/17 15:08:08 [notice] 33#33: exiting
2022/08/17 15:08:08 [notice] 34#34: exiting
2022/08/17 15:08:08 [notice] 35#35: exiting
2022/08/17 15:08:08 [notice] 36#36: exiting
2022/08/17 15:08:08 [notice] 34#34: exit
2022/08/17 15:08:08 [notice] 36#36: exit
2022/08/17 15:08:08 [notice] 35#35: exit
2022/08/17 15:08:08 [notice] 33#33: exit
2022/08/17 15:08:08 [notice] 1#1: signal 17 (SIGCHLD) received from 33
2022/08/17 15:08:08 [notice] 1#1: worker process 33 exited with code 0
2022/08/17 15:08:08 [notice] 1#1: signal 29 (SIGIO) received
2022/08/17 15:08:08 [notice] 1#1: signal 17 (SIGCHLD) received from 35
2022/08/17 15:08:08 [notice] 1#1: worker process 34 exited with code 0
2022/08/17 15:08:08 [notice] 1#1: worker process 35 exited with code 0
2022/08/17 15:08:08 [notice] 1#1: signal 29 (SIGIO) received
2022/08/17 15:08:08 [notice] 1#1: signal 17 (SIGCHLD) received from 36
2022/08/17 15:08:08 [notice] 1#1: worker process 36 exited with code 0
2022/08/17 15:08:08 [notice] 1#1: exit
2022/08/17 18:47:04 [notice] 1#1: using the "epoll" event method
2022/08/17 18:47:04 [notice] 1#1: nginx/1.23.1
2022/08/17 18:47:04 [notice] 1#1: built by gcc 11.2.1 20220219 (Alpine 11.2.1_git20220219) 
2022/08/17 18:47:04 [notice] 1#1: OS: Linux 5.15.0-46-generic
2022/08/17 18:47:04 [notice] 1#1: getrlimit(RLIMIT_NOFILE): 1024:524288
2022/08/17 18:47:04 [notice] 1#1: start worker processes
2022/08/17 18:47:04 [notice] 1#1: start worker process 32
2022/08/17 18:47:04 [notice] 1#1: start worker process 33
2022/08/17 18:47:04 [notice] 1#1: start worker process 34
2022/08/17 18:47:04 [notice] 1#1: start worker process 35
2022/08/17 18:48:05 [error] 32#32: *1 open() "/usr/share/nginx/html/favicon.ico" failed (2: No such file or directory), client: 172.19.0.1, server: localhost, request: "GET /favicon.ico HTTP/1.1", host: "localhost", referrer: "http://localhost/"
2022/08/17 18:56:10 [notice] 1#1: signal 3 (SIGQUIT) received, shutting down
2022/08/17 18:56:10 [notice] 32#32: gracefully shutting down
2022/08/17 18:56:10 [notice] 33#33: gracefully shutting down
2022/08/17 18:56:10 [notice] 32#32: exiting
2022/08/17 18:56:10 [notice] 33#33: exiting
2022/08/17 18:56:10 [notice] 35#35: gracefully shutting down
2022/08/17 18:56:10 [notice] 35#35: exiting
2022/08/17 18:56:10 [notice] 33#33: exit
2022/08/17 18:56:10 [notice] 35#35: exit
2022/08/17 18:56:10 [notice] 32#32: exit
2022/08/17 18:56:10 [notice] 34#34: gracefully shutting down
2022/08/17 18:56:10 [notice] 34#34: exiting
2022/08/17 18:56:10 [notice] 34#34: exit
2022/08/17 18:56:10 [notice] 1#1: signal 17 (SIGCHLD) received from 32
2022/08/17 18:56:10 [notice] 1#1: worker process 32 exited with code 0
2022/08/17 18:56:10 [notice] 1#1: signal 29 (SIGIO) received
2022/08/17 18:56:10 [notice] 1#1: signal 17 (SIGCHLD) received from 34
2022/08/17 18:56:10 [notice] 1#1: worker process 33 exited with code 0
2022/08/17 18:56:10 [notice] 1#1: worker process 34 exited with code 0
2022/08/17 18:56:10 [notice] 1#1: signal 29 (SIGIO) received
2022/08/17 18:56:11 [notice] 1#1: signal 17 (SIGCHLD) received from 35
2022/08/17 18:56:11 [notice] 1#1: worker process 35 exited with code 0
2022/08/17 18:56:11 [notice] 1#1: exit
2022/08/24 07:39:10 [notice] 1#1: using the "epoll" event method
2022/08/24 07:39:10 [notice] 1#1: nginx/1.23.1
2022/08/24 07:39:10 [notice] 1#1: built by gcc 11.2.1 20220219 (Alpine 11.2.1_git20220219) 
2022/08/24 07:39:10 [notice] 1#1: OS: Linux 5.15.0-46-generic
2022/08/24 07:39:10 [notice] 1#1: getrlimit(RLIMIT_NOFILE): 1024:524288
2022/08/24 07:39:10 [notice] 1#1: start worker processes
2022/08/24 07:39:10 [notice] 1#1: start worker process 32
2022/08/24 07:39:10 [notice] 1#1: start worker process 33
2022/08/24 07:39:10 [notice] 1#1: start worker process 34
2022/08/24 07:39:10 [notice] 1#1: start worker process 35
2022/08/24 07:40:51 [error] 34#34: *2 open() "/usr/share/nginx/html/favicon.ico" failed (2: No such file or directory), client: 172.18.0.1, server: localhost, request: "GET /favicon.ico HTTP/1.1", host: "localhost", referrer: "http://localhost/"
2022/08/24 07:50:18 [notice] 1#1: signal 3 (SIGQUIT) received, shutting down
2022/08/24 07:50:18 [notice] 34#34: gracefully shutting down
2022/08/24 07:50:18 [notice] 33#33: gracefully shutting down
2022/08/24 07:50:18 [notice] 35#35: gracefully shutting down
2022/08/24 07:50:18 [notice] 34#34: exiting
2022/08/24 07:50:18 [notice] 33#33: exiting
2022/08/24 07:50:18 [notice] 35#35: exiting
2022/08/24 07:50:18 [notice] 32#32: gracefully shutting down
2022/08/24 07:50:18 [notice] 35#35: exit
2022/08/24 07:50:18 [notice] 33#33: exit
2022/08/24 07:50:18 [notice] 34#34: exit
2022/08/24 07:50:18 [notice] 32#32: exiting
2022/08/24 07:50:18 [notice] 32#32: exit
2022/08/24 07:50:18 [notice] 1#1: signal 17 (SIGCHLD) received from 34
2022/08/24 07:50:18 [notice] 1#1: worker process 34 exited with code 0
2022/08/24 07:50:18 [notice] 1#1: signal 29 (SIGIO) received
2022/08/24 07:50:18 [notice] 1#1: signal 17 (SIGCHLD) received from 32
2022/08/24 07:50:18 [notice] 1#1: worker process 32 exited with code 0
2022/08/24 07:50:18 [notice] 1#1: signal 29 (SIGIO) received
2022/08/24 07:50:18 [notice] 1#1: signal 17 (SIGCHLD) received from 35
2022/08/24 07:50:18 [notice] 1#1: worker process 33 exited with code 0
2022/08/24 07:50:18 [notice] 1#1: worker process 35 exited with code 0
2022/08/24 07:50:18 [notice] 1#1: exit
2022/08/24 09:33:25 [notice] 1#1: using the "epoll" event method
2022/08/24 09:33:25 [notice] 1#1: nginx/1.23.1
2022/08/24 09:33:25 [notice] 1#1: built by gcc 11.2.1 20220219 (Alpine 11.2.1_git20220219) 
2022/08/24 09:33:25 [notice] 1#1: OS: Linux 5.15.0-46-generic
2022/08/24 09:33:25 [notice] 1#1: getrlimit(RLIMIT_NOFILE): 1024:524288
2022/08/24 09:33:25 [notice] 1#1: start worker processes
2022/08/24 09:33:25 [notice] 1#1: start worker process 33
2022/08/24 09:33:25 [notice] 1#1: start worker process 34
2022/08/24 09:33:25 [notice] 1#1: start worker process 35
2022/08/24 09:33:25 [notice] 1#1: start worker process 36
